[2026-04-17T20:46:02.528Z] [INFO] Scheduled task: Full anatomy rescan (0 */6 * * *)
[2026-04-17T20:46:02.530Z] [INFO] Scheduled task: Consolidate old memory (0 2 * * *)
[2026-04-17T20:46:02.530Z] [INFO] Scheduled task: Token audit report (0 0 * * 1)
[2026-04-17T20:46:02.531Z] [INFO] Scheduled task: Cerebrum reflection (0 3 * * 0)
[2026-04-17T20:46:02.531Z] [INFO] Scheduled task: AI suggestions (0 4 * * 1)
[2026-04-17T20:46:02.532Z] [INFO] File watcher started on .wolf/
[2026-04-17T20:46:02.532Z] [INFO] OpenWolf daemon started
[2026-04-17T20:46:02.533Z] [INFO] Dashboard server listening on port 18791
[2026-04-17T20:46:02.935Z] [INFO] Scheduled task: Full anatomy rescan (0 */6 * * *)
[2026-04-17T20:46:02.936Z] [INFO] Scheduled task: Consolidate old memory (0 2 * * *)
[2026-04-17T20:46:02.936Z] [INFO] Scheduled task: Token audit report (0 0 * * 1)
[2026-04-17T20:46:02.936Z] [INFO] Scheduled task: Cerebrum reflection (0 3 * * 0)
[2026-04-17T20:46:02.937Z] [INFO] Scheduled task: AI suggestions (0 4 * * 1)
[2026-04-17T20:46:02.937Z] [INFO] File watcher started on .wolf/
[2026-04-17T20:46:02.938Z] [INFO] OpenWolf daemon started
[2026-04-17T20:46:02.939Z] [INFO] Dashboard server listening on port 18791
[2026-04-17T20:46:03.156Z] [INFO] Scheduled task: Full anatomy rescan (0 */6 * * *)
[2026-04-17T20:46:03.157Z] [INFO] Scheduled task: Consolidate old memory (0 2 * * *)
[2026-04-17T20:46:03.157Z] [INFO] Scheduled task: Token audit report (0 0 * * 1)
[2026-04-17T20:46:03.158Z] [INFO] Scheduled task: Cerebrum reflection (0 3 * * 0)
[2026-04-17T20:46:03.158Z] [INFO] Scheduled task: AI suggestions (0 4 * * 1)
[2026-04-17T20:46:03.159Z] [INFO] File watcher started on .wolf/
[2026-04-17T20:46:03.159Z] [INFO] OpenWolf daemon started
[2026-04-17T20:46:03.160Z] [INFO] Dashboard server listening on port 18791
[2026-04-17T20:46:03.371Z] [INFO] Scheduled task: Full anatomy rescan (0 */6 * * *)
[2026-04-17T20:46:03.373Z] [INFO] Scheduled task: Consolidate old memory (0 2 * * *)
[2026-04-17T20:46:03.373Z] [INFO] Scheduled task: Token audit report (0 0 * * 1)
[2026-04-17T20:46:03.373Z] [INFO] Scheduled task: Cerebrum reflection (0 3 * * 0)
[2026-04-17T20:46:03.373Z] [INFO] Scheduled task: AI suggestions (0 4 * * 1)
[2026-04-17T20:46:03.374Z] [INFO] File watcher started on .wolf/
[2026-04-17T20:46:03.375Z] [INFO] OpenWolf daemon started
[2026-04-17T20:46:03.375Z] [INFO] Dashboard server listening on port 18791
[2026-04-17T20:46:03.588Z] [INFO] Scheduled task: Full anatomy rescan (0 */6 * * *)
[2026-04-17T20:46:03.589Z] [INFO] Scheduled task: Consolidate old memory (0 2 * * *)
[2026-04-17T20:46:03.589Z] [INFO] Scheduled task: Token audit report (0 0 * * 1)
[2026-04-17T20:46:03.589Z] [INFO] Scheduled task: Cerebrum reflection (0 3 * * 0)
[2026-04-17T20:46:03.590Z] [INFO] Scheduled task: AI suggestions (0 4 * * 1)
[2026-04-17T20:46:03.590Z] [INFO] File watcher started on .wolf/
[2026-04-17T20:46:03.591Z] [INFO] OpenWolf daemon started
[2026-04-17T20:46:03.591Z] [INFO] Dashboard server listening on port 18791
[2026-04-17T20:46:03.804Z] [INFO] Scheduled task: Full anatomy rescan (0 */6 * * *)
[2026-04-17T20:46:03.805Z] [INFO] Scheduled task: Consolidate old memory (0 2 * * *)
[2026-04-17T20:46:03.806Z] [INFO] Scheduled task: Token audit report (0 0 * * 1)
[2026-04-17T20:46:03.806Z] [INFO] Scheduled task: Cerebrum reflection (0 3 * * 0)
[2026-04-17T20:46:03.806Z] [INFO] Scheduled task: AI suggestions (0 4 * * 1)
[2026-04-17T20:46:03.807Z] [INFO] File watcher started on .wolf/
[2026-04-17T20:46:03.808Z] [INFO] OpenWolf daemon started
[2026-04-17T20:46:03.808Z] [INFO] Dashboard server listening on port 18791
[2026-04-17T20:46:04.019Z] [INFO] Scheduled task: Full anatomy rescan (0 */6 * * *)
[2026-04-17T20:46:04.021Z] [INFO] Scheduled task: Consolidate old memory (0 2 * * *)
[2026-04-17T20:46:04.021Z] [INFO] Scheduled task: Token audit report (0 0 * * 1)
[2026-04-17T20:46:04.021Z] [INFO] Scheduled task: Cerebrum reflection (0 3 * * 0)
[2026-04-17T20:46:04.021Z] [INFO] Scheduled task: AI suggestions (0 4 * * 1)
[2026-04-17T20:46:04.022Z] [INFO] File watcher started on .wolf/
[2026-04-17T20:46:04.023Z] [INFO] OpenWolf daemon started
[2026-04-17T20:46:04.023Z] [INFO] Dashboard server listening on port 18791
[2026-04-17T20:46:04.236Z] [INFO] Scheduled task: Full anatomy rescan (0 */6 * * *)
[2026-04-17T20:46:04.237Z] [INFO] Scheduled task: Consolidate old memory (0 2 * * *)
[2026-04-17T20:46:04.237Z] [INFO] Scheduled task: Token audit report (0 0 * * 1)
[2026-04-17T20:46:04.238Z] [INFO] Scheduled task: Cerebrum reflection (0 3 * * 0)
[2026-04-17T20:46:04.238Z] [INFO] Scheduled task: AI suggestions (0 4 * * 1)
[2026-04-17T20:46:04.239Z] [INFO] File watcher started on .wolf/
[2026-04-17T20:46:04.239Z] [INFO] OpenWolf daemon started
[2026-04-17T20:46:04.240Z] [INFO] Dashboard server listening on port 18791
[2026-04-17T20:46:04.452Z] [INFO] Scheduled task: Full anatomy rescan (0 */6 * * *)
[2026-04-17T20:46:04.453Z] [INFO] Scheduled task: Consolidate old memory (0 2 * * *)
[2026-04-17T20:46:04.453Z] [INFO] Scheduled task: Token audit report (0 0 * * 1)
[2026-04-17T20:46:04.454Z] [INFO] Scheduled task: Cerebrum reflection (0 3 * * 0)
[2026-04-17T20:46:04.454Z] [INFO] Scheduled task: AI suggestions (0 4 * * 1)
[2026-04-17T20:46:04.455Z] [INFO] File watcher started on .wolf/
[2026-04-17T20:46:04.455Z] [INFO] OpenWolf daemon started
[2026-04-17T20:46:04.456Z] [INFO] Dashboard server listening on port 18791
[2026-04-17T20:46:04.784Z] [INFO] Scheduled task: Full anatomy rescan (0 */6 * * *)
[2026-04-17T20:46:04.786Z] [INFO] Scheduled task: Consolidate old memory (0 2 * * *)
[2026-04-17T20:46:04.786Z] [INFO] Scheduled task: Token audit report (0 0 * * 1)
[2026-04-17T20:46:04.786Z] [INFO] Scheduled task: Cerebrum reflection (0 3 * * 0)
[2026-04-17T20:46:04.786Z] [INFO] Scheduled task: AI suggestions (0 4 * * 1)
[2026-04-17T20:46:04.787Z] [INFO] File watcher started on .wolf/
[2026-04-17T20:46:04.788Z] [INFO] OpenWolf daemon started
[2026-04-17T20:46:04.788Z] [INFO] Dashboard server listening on port 18791
[2026-04-17T20:46:05.008Z] [INFO] Scheduled task: Full anatomy rescan (0 */6 * * *)
[2026-04-17T20:46:05.010Z] [INFO] Scheduled task: Consolidate old memory (0 2 * * *)
[2026-04-17T20:46:05.010Z] [INFO] Scheduled task: Token audit report (0 0 * * 1)
[2026-04-17T20:46:05.010Z] [INFO] Scheduled task: Cerebrum reflection (0 3 * * 0)
[2026-04-17T20:46:05.010Z] [INFO] Scheduled task: AI suggestions (0 4 * * 1)
[2026-04-17T20:46:05.011Z] [INFO] File watcher started on .wolf/
[2026-04-17T20:46:05.012Z] [INFO] OpenWolf daemon started
[2026-04-17T20:46:05.012Z] [INFO] Dashboard server listening on port 18791
[2026-04-17T20:46:05.228Z] [INFO] Scheduled task: Full anatomy rescan (0 */6 * * *)
[2026-04-17T20:46:05.230Z] [INFO] Scheduled task: Consolidate old memory (0 2 * * *)
[2026-04-17T20:46:05.230Z] [INFO] Scheduled task: Token audit report (0 0 * * 1)
[2026-04-17T20:46:05.230Z] [INFO] Scheduled task: Cerebrum reflection (0 3 * * 0)
[2026-04-17T20:46:05.230Z] [INFO] Scheduled task: AI suggestions (0 4 * * 1)
[2026-04-17T20:46:05.231Z] [INFO] File watcher started on .wolf/
[2026-04-17T20:46:05.232Z] [INFO] OpenWolf daemon started
[2026-04-17T20:46:05.232Z] [INFO] Dashboard server listening on port 18791
[2026-04-17T20:46:05.445Z] [INFO] Scheduled task: Full anatomy rescan (0 */6 * * *)
[2026-04-17T20:46:05.446Z] [INFO] Scheduled task: Consolidate old memory (0 2 * * *)
[2026-04-17T20:46:05.446Z] [INFO] Scheduled task: Token audit report (0 0 * * 1)
[2026-04-17T20:46:05.447Z] [INFO] Scheduled task: Cerebrum reflection (0 3 * * 0)
[2026-04-17T20:46:05.447Z] [INFO] Scheduled task: AI suggestions (0 4 * * 1)
[2026-04-17T20:46:05.448Z] [INFO] File watcher started on .wolf/
[2026-04-17T20:46:05.448Z] [INFO] OpenWolf daemon started
[2026-04-17T20:46:05.449Z] [INFO] Dashboard server listening on port 18791
[2026-04-17T20:46:05.662Z] [INFO] Scheduled task: Full anatomy rescan (0 */6 * * *)
[2026-04-17T20:46:05.663Z] [INFO] Scheduled task: Consolidate old memory (0 2 * * *)
[2026-04-17T20:46:05.663Z] [INFO] Scheduled task: Token audit report (0 0 * * 1)
[2026-04-17T20:46:05.663Z] [INFO] Scheduled task: Cerebrum reflection (0 3 * * 0)
[2026-04-17T20:46:05.664Z] [INFO] Scheduled task: AI suggestions (0 4 * * 1)
[2026-04-17T20:46:05.665Z] [INFO] File watcher started on .wolf/
[2026-04-17T20:46:05.665Z] [INFO] OpenWolf daemon started
[2026-04-17T20:46:05.666Z] [INFO] Dashboard server listening on port 18791
[2026-04-17T20:46:05.879Z] [INFO] Scheduled task: Full anatomy rescan (0 */6 * * *)
[2026-04-17T20:46:05.880Z] [INFO] Scheduled task: Consolidate old memory (0 2 * * *)
[2026-04-17T20:46:05.880Z] [INFO] Scheduled task: Token audit report (0 0 * * 1)
[2026-04-17T20:46:05.881Z] [INFO] Scheduled task: Cerebrum reflection (0 3 * * 0)
[2026-04-17T20:46:05.881Z] [INFO] Scheduled task: AI suggestions (0 4 * * 1)
[2026-04-17T20:46:05.882Z] [INFO] File watcher started on .wolf/
[2026-04-17T20:46:05.882Z] [INFO] OpenWolf daemon started
[2026-04-17T20:46:05.883Z] [INFO] Dashboard server listening on port 18791
[2026-04-17T20:46:06.096Z] [INFO] Scheduled task: Full anatomy rescan (0 */6 * * *)
[2026-04-17T20:46:06.097Z] [INFO] Scheduled task: Consolidate old memory (0 2 * * *)
[2026-04-17T20:46:06.097Z] [INFO] Scheduled task: Token audit report (0 0 * * 1)
[2026-04-17T20:46:06.098Z] [INFO] Scheduled task: Cerebrum reflection (0 3 * * 0)
[2026-04-17T20:46:06.098Z] [INFO] Scheduled task: AI suggestions (0 4 * * 1)
[2026-04-17T20:46:06.099Z] [INFO] File watcher started on .wolf/
[2026-04-17T20:46:06.099Z] [INFO] OpenWolf daemon started
[2026-04-17T20:46:06.100Z] [INFO] Dashboard server listening on port 18791
[2026-04-18T08:11:47.390Z] [INFO] Scheduled task: Full anatomy rescan (0 */6 * * *)
[2026-04-18T08:11:47.396Z] [INFO] Scheduled task: Consolidate old memory (0 2 * * *)
[2026-04-18T08:11:47.396Z] [INFO] Scheduled task: Token audit report (0 0 * * 1)
[2026-04-18T08:11:47.397Z] [INFO] Scheduled task: Cerebrum reflection (0 3 * * 0)
[2026-04-18T08:11:47.397Z] [INFO] Scheduled task: AI suggestions (0 4 * * 1)
[2026-04-18T08:11:47.398Z] [INFO] File watcher started on .wolf/
[2026-04-18T08:11:47.400Z] [INFO] OpenWolf daemon started
[2026-04-18T08:11:47.401Z] [INFO] Dashboard server listening on port 18791
[2026-04-18T08:11:57.519Z] [INFO] WebSocket client connected
[2026-04-18T08:14:00.225Z] [INFO] WebSocket client connected
[2026-04-18T09:28:42.205Z] [INFO] WebSocket client connected
[2026-04-18T10:56:37.037Z] [INFO] WebSocket client connected
[2026-04-18T12:29:33.107Z] [INFO] WebSocket client connected
[2026-04-18T12:30:36.885Z] [INFO] WebSocket client connected
[2026-04-18T12:54:18.717Z] [INFO] WebSocket client connected
[2026-04-18T14:21:41.746Z] [INFO] WebSocket client connected
[2026-04-18T14:22:44.305Z] [INFO] WebSocket client connected
[2026-04-18T17:16:21.340Z] [INFO] WebSocket client connected
[2026-04-18T17:38:18.034Z] [INFO] WebSocket client connected
[2026-04-18T18:30:00.945Z] [INFO] Executing task: Full anatomy rescan
[2026-04-18T18:30:01.143Z] [INFO] Task Full anatomy rescan completed in 197ms
